# JRE version: Java(TM) SE Runtime Environment (22.0+36) (build 22+36-2370)
# Java VM: Java HotSpot(TM) 64-Bit Server VM (22+36-2370, mixed mode, sharing, tiered, compressed oops, compressed class ptrs, g1 gc, windows-amd64)
GC Precious Log:
 CardTable entry size: 512
 Card Set container configuration: InlinePtr #cards 4 size 8 Array Of Cards #cards 16 size 48 Howl #buckets 8 coarsen threshold 3686 Howl Bitmap #cards 512 size 80 coarsen threshold 460 Card regions per heap region 1 cards per card region 4096
 CPUs: 4 total, 4 available
 Memory: 16245M
 Large Page Support: Disabled
 NUMA Support: Disabled
 Compressed Oops: Enabled (Zero based)
 Heap Region Size: 2M
 Heap Min Capacity: 8M
 Heap Initial Capacity: 254M
 Heap Max Capacity: 4062M
 Pre-touch: Disabled
 Parallel Workers: 4
 Concurrent Workers: 1
 Concurrent Refinement Workers: 4
 Periodic GC: Disabled
Heap:
 garbage-first heap   total reserved 4159488K, committed 950272K, used 295936K [0x0000000702200000, 0x0000000800000000)
  region size 2048K, 59 young (120832K), 4 survivors (8192K)
 Metaspace       used 19798K, committed 20032K, reserved 1114112K
  class space    used 2190K, committed 2304K, reserved 1048576K
GC Heap History (20 events):
Event: 0.983 GC heap before
{Heap before GC invocations=1 (full 0):
 garbage-first heap   total reserved 4159488K, committed 260096K, used 16592K [0x0000000702200000, 0x0000000800000000)
  region size 2048K, 6 young (12288K), 1 survivors (2048K)
 Metaspace       used 9304K, committed 9472K, reserved 1114112K
  class space    used 1065K, committed 1152K, reserved 1048576K
}
Event: 0.987 GC heap after
{Heap after GC invocations=2 (full 0):
 garbage-first heap   total reserved 4159488K, committed 260096K, used 8248K [0x0000000702200000, 0x0000000800000000)
  region size 2048K, 1 young (2048K), 1 survivors (2048K)
 Metaspace       used 9304K, committed 9472K, reserved 1114112K
  class space    used 1065K, committed 1152K, reserved 1048576K
}
Event: 1.303 GC heap before
{Heap before GC invocations=2 (full 0):
 garbage-first heap   total reserved 4159488K, committed 260096K, used 34872K [0x0000000702200000, 0x0000000800000000)
  region size 2048K, 14 young (28672K), 1 survivors (2048K)
 Metaspace       used 10041K, committed 10240K, reserved 1114112K
  class space    used 1144K, committed 1216K, reserved 1048576K
}
Event: 1.316 GC heap after
{Heap after GC invocations=3 (full 0):
 garbage-first heap   total reserved 4159488K, committed 260096K, used 15000K [0x0000000702200000, 0x0000000800000000)
  region size 2048K, 2 young (4096K), 2 survivors (4096K)
 Metaspace       used 10041K, committed 10240K, reserved 1114112K
  class space    used 1144K, committed 1216K, reserved 1048576K
}
Event: 1.425 GC heap before
{Heap before GC invocations=3 (full 0):
 garbage-first heap   total reserved 4159488K, committed 260096K, used 33432K [0x0000000702200000, 0x0000000800000000)
  region size 2048K, 11 young (22528K), 2 survivors (4096K)
 Metaspace       used 10168K, committed 10304K, reserved 1114112K
  class space    used 1154K, committed 1216K, reserved 1048576K
}
Event: 1.440 GC heap after
{Heap after GC invocations=4 (full 0):
 garbage-first heap   total reserved 4159488K, committed 260096K, used 20019K [0x0000000702200000, 0x0000000800000000)
  region size 2048K, 2 young (4096K), 2 survivors (4096K)
 Metaspace       used 10168K, committed 10304K, reserved 1114112K
  class space    used 1154K, committed 1216K, reserved 1048576K
}
Event: 1.589 GC heap before
{Heap before GC invocations=4 (full 0):
 garbage-first heap   total reserved 4159488K, committed 260096K, used 52787K [0x0000000702200000, 0x0000000800000000)
  region size 2048K, 17 young (34816K), 2 survivors (4096K)
 Metaspace       used 10176K, committed 10304K, reserved 1114112K
  class space    used 1155K, committed 1216K, reserved 1048576K
}
Event: 1.613 GC heap after
{Heap after GC invocations=5 (full 0):
 garbage-first heap   total reserved 4159488K, committed 260096K, used 32496K [0x0000000702200000, 0x0000000800000000)
  region size 2048K, 3 young (6144K), 3 survivors (6144K)
 Metaspace       used 10176K, committed 10304K, reserved 1114112K
  class space    used 1155K, committed 1216K, reserved 1048576K
}
Event: 1.730 GC heap before
{Heap before GC invocations=5 (full 0):
 garbage-first heap   total reserved 4159488K, committed 260096K, used 61168K [0x0000000702200000, 0x0000000800000000)
  region size 2048K, 17 young (34816K), 3 survivors (6144K)
 Metaspace       used 10178K, committed 10304K, reserved 1114112K
  class space    used 1155K, committed 1216K, reserved 1048576K
}
Event: 1.751 GC heap after
{Heap after GC invocations=6 (full 0):
 garbage-first heap   total reserved 4159488K, committed 260096K, used 42616K [0x0000000702200000, 0x0000000800000000)
  region size 2048K, 3 young (6144K), 3 survivors (6144K)
 Metaspace       used 10178K, committed 10304K, reserved 1114112K
  class space    used 1155K, committed 1216K, reserved 1048576K
}
Event: 1.812 GC heap before
{Heap before GC invocations=6 (full 0):
 garbage-first heap   total reserved 4159488K, committed 260096K, used 59000K [0x0000000702200000, 0x0000000800000000)
  region size 2048K, 9 young (18432K), 3 survivors (6144K)
 Metaspace       used 10182K, committed 10304K, reserved 1114112K
  class space    used 1155K, committed 1216K, reserved 1048576K
}
Event: 1.831 GC heap after
{Heap after GC invocations=7 (full 0):
 garbage-first heap   total reserved 4159488K, committed 520192K, used 51200K [0x0000000702200000, 0x0000000800000000)
  region size 2048K, 2 young (4096K), 2 survivors (4096K)
 Metaspace       used 10182K, committed 10304K, reserved 1114112K
  class space    used 1155K, committed 1216K, reserved 1048576K
}
Event: 2.216 GC heap before
{Heap before GC invocations=7 (full 0):
 garbage-first heap   total reserved 4159488K, committed 520192K, used 118784K [0x0000000702200000, 0x0000000800000000)
  region size 2048K, 36 young (73728K), 2 survivors (4096K)
 Metaspace       used 10635K, committed 10752K, reserved 1114112K
  class space    used 1216K, committed 1280K, reserved 1048576K
}
Event: 2.237 GC heap after
{Heap after GC invocations=8 (full 0):
 garbage-first heap   total reserved 4159488K, committed 520192K, used 63122K [0x0000000702200000, 0x0000000800000000)
  region size 2048K, 5 young (10240K), 5 survivors (10240K)
 Metaspace       used 10635K, committed 10752K, reserved 1114112K
  class space    used 1216K, committed 1280K, reserved 1048576K
}
Event: 3.828 GC heap before
{Heap before GC invocations=8 (full 0):
 garbage-first heap   total reserved 4159488K, committed 520192K, used 153234K [0x0000000702200000, 0x0000000800000000)
  region size 2048K, 49 young (100352K), 5 survivors (10240K)
 Metaspace       used 16558K, committed 16768K, reserved 1114112K
  class space    used 1864K, committed 1984K, reserved 1048576K
}
Event: 3.864 GC heap after
{Heap after GC invocations=9 (full 0):
 garbage-first heap   total reserved 4159488K, committed 520192K, used 89636K [0x0000000702200000, 0x0000000800000000)
  region size 2048K, 7 young (14336K), 7 survivors (14336K)
 Metaspace       used 16558K, committed 16768K, reserved 1114112K
  class space    used 1864K, committed 1984K, reserved 1048576K
}
Event: 7.519 GC heap before
{Heap before GC invocations=9 (full 0):
 garbage-first heap   total reserved 4159488K, committed 520192K, used 425508K [0x0000000702200000, 0x0000000800000000)
  region size 2048K, 152 young (311296K), 7 survivors (14336K)
 Metaspace       used 18474K, committed 18688K, reserved 1114112K
  class space    used 2057K, committed 2176K, reserved 1048576K
}
Event: 7.616 GC heap after
{Heap after GC invocations=10 (full 0):
 garbage-first heap   total reserved 4159488K, committed 520192K, used 168960K [0x0000000702200000, 0x0000000800000000)
  region size 2048K, 19 young (38912K), 19 survivors (38912K)
 Metaspace       used 18474K, committed 18688K, reserved 1114112K
  class space    used 2057K, committed 2176K, reserved 1048576K
}
Event: 7.947 GC heap before
{Heap before GC invocations=10 (full 0):
 garbage-first heap   total reserved 4159488K, committed 520192K, used 234496K [0x0000000702200000, 0x0000000800000000)
  region size 2048K, 51 young (104448K), 19 survivors (38912K)
 Metaspace       used 18506K, committed 18752K, reserved 1114112K
  class space    used 2057K, committed 2176K, reserved 1048576K
}
Event: 8.005 GC heap after
{Heap after GC invocations=11 (full 0):
 garbage-first heap   total reserved 4159488K, committed 950272K, used 177152K [0x0000000702200000, 0x0000000800000000)
  region size 2048K, 4 young (8192K), 4 survivors (8192K)
 Metaspace       used 18506K, committed 18752K, reserved 1114112K
  class space    used 2057K, committed 2176K, reserved 1048576K
}

