# JRE version: Java(TM) SE Runtime Environment (22.0+36) (build 22+36-2370)
# Java VM: Java HotSpot(TM) 64-Bit Server VM (22+36-2370, mixed mode, sharing, tiered, compressed oops, compressed class ptrs, g1 gc, windows-amd64)
GC Precious Log:
 CardTable entry size: 512
 Card Set container configuration: InlinePtr #cards 4 size 8 Array Of Cards #cards 16 size 48 Howl #buckets 8 coarsen threshold 3686 Howl Bitmap #cards 512 size 80 coarsen threshold 460 Card regions per heap region 1 cards per card region 4096
 CPUs: 4 total, 4 available
 Memory: 16245M
 Large Page Support: Disabled
 NUMA Support: Disabled
 Compressed Oops: Enabled (Zero based)
 Heap Region Size: 2M
 Heap Min Capacity: 8M
 Heap Initial Capacity: 254M
 Heap Max Capacity: 4062M
 Pre-touch: Disabled
 Parallel Workers: 4
 Concurrent Workers: 1
 Concurrent Refinement Workers: 4
 Periodic GC: Disabled
Heap:
 garbage-first heap   total reserved 4159488K, committed 450560K, used 112261K [0x0000000702200000, 0x0000000800000000)
  region size 2048K, 11 young (22528K), 11 survivors (22528K)
 Metaspace       used 16524K, committed 16704K, reserved 1114112K
  class space    used 1869K, committed 1920K, reserved 1048576K
GC Heap History (19 events):
Event: 0.608 GC heap before
{Heap before GC invocations=0 (full 0):
 garbage-first heap   total reserved 4159488K, committed 260096K, used 12288K [0x0000000702200000, 0x0000000800000000)
  region size 2048K, 7 young (14336K), 0 survivors (0K)
 Metaspace       used 4624K, committed 4800K, reserved 1114112K
  class space    used 592K, committed 704K, reserved 1048576K
}
Event: 0.613 GC heap after
{Heap after GC invocations=1 (full 0):
 garbage-first heap   total reserved 4159488K, committed 260096K, used 6352K [0x0000000702200000, 0x0000000800000000)
  region size 2048K, 1 young (2048K), 1 survivors (2048K)
 Metaspace       used 4624K, committed 4800K, reserved 1114112K
  class space    used 592K, committed 704K, reserved 1048576K
}
Event: 0.981 GC heap before
{Heap before GC invocations=1 (full 0):
 garbage-first heap   total reserved 4159488K, committed 260096K, used 16592K [0x0000000702200000, 0x0000000800000000)
  region size 2048K, 6 young (12288K), 1 survivors (2048K)
 Metaspace       used 9299K, committed 9472K, reserved 1114112K
  class space    used 1066K, committed 1152K, reserved 1048576K
}
Event: 0.985 GC heap after
{Heap after GC invocations=2 (full 0):
 garbage-first heap   total reserved 4159488K, committed 260096K, used 8224K [0x0000000702200000, 0x0000000800000000)
  region size 2048K, 1 young (2048K), 1 survivors (2048K)
 Metaspace       used 9299K, committed 9472K, reserved 1114112K
  class space    used 1066K, committed 1152K, reserved 1048576K
}
Event: 1.277 GC heap before
{Heap before GC invocations=2 (full 0):
 garbage-first heap   total reserved 4159488K, committed 260096K, used 34848K [0x0000000702200000, 0x0000000800000000)
  region size 2048K, 14 young (28672K), 1 survivors (2048K)
 Metaspace       used 10038K, committed 10176K, reserved 1114112K
  class space    used 1146K, committed 1216K, reserved 1048576K
}
Event: 1.289 GC heap after
{Heap after GC invocations=3 (full 0):
 garbage-first heap   total reserved 4159488K, committed 260096K, used 15084K [0x0000000702200000, 0x0000000800000000)
  region size 2048K, 2 young (4096K), 2 survivors (4096K)
 Metaspace       used 10038K, committed 10176K, reserved 1114112K
  class space    used 1146K, committed 1216K, reserved 1048576K
}
Event: 1.398 GC heap before
{Heap before GC invocations=3 (full 0):
 garbage-first heap   total reserved 4159488K, committed 260096K, used 33516K [0x0000000702200000, 0x0000000800000000)
  region size 2048K, 11 young (22528K), 2 survivors (4096K)
 Metaspace       used 10162K, committed 10304K, reserved 1114112K
  class space    used 1156K, committed 1216K, reserved 1048576K
}
Event: 1.409 GC heap after
{Heap after GC invocations=4 (full 0):
 garbage-first heap   total reserved 4159488K, committed 260096K, used 20010K [0x0000000702200000, 0x0000000800000000)
  region size 2048K, 2 young (4096K), 2 survivors (4096K)
 Metaspace       used 10162K, committed 10304K, reserved 1114112K
  class space    used 1156K, committed 1216K, reserved 1048576K
}
Event: 1.552 GC heap before
{Heap before GC invocations=4 (full 0):
 garbage-first heap   total reserved 4159488K, committed 260096K, used 54826K [0x0000000702200000, 0x0000000800000000)
  region size 2048K, 18 young (36864K), 2 survivors (4096K)
 Metaspace       used 10169K, committed 10304K, reserved 1114112K
  class space    used 1156K, committed 1216K, reserved 1048576K
}
Event: 1.572 GC heap after
{Heap after GC invocations=5 (full 0):
 garbage-first heap   total reserved 4159488K, committed 260096K, used 31578K [0x0000000702200000, 0x0000000800000000)
  region size 2048K, 3 young (6144K), 3 survivors (6144K)
 Metaspace       used 10169K, committed 10304K, reserved 1114112K
  class space    used 1156K, committed 1216K, reserved 1048576K
}
Event: 1.675 GC heap before
{Heap before GC invocations=5 (full 0):
 garbage-first heap   total reserved 4159488K, committed 260096K, used 58202K [0x0000000702200000, 0x0000000800000000)
  region size 2048K, 16 young (32768K), 3 survivors (6144K)
 Metaspace       used 10171K, committed 10304K, reserved 1114112K
  class space    used 1157K, committed 1216K, reserved 1048576K
}
Event: 1.700 GC heap after
{Heap after GC invocations=6 (full 0):
 garbage-first heap   total reserved 4159488K, committed 450560K, used 40960K [0x0000000702200000, 0x0000000800000000)
  region size 2048K, 2 young (4096K), 2 survivors (4096K)
 Metaspace       used 10171K, committed 10304K, reserved 1114112K
  class space    used 1157K, committed 1216K, reserved 1048576K
}
Event: 1.790 GC heap before
{Heap before GC invocations=6 (full 0):
 garbage-first heap   total reserved 4159488K, committed 450560K, used 67584K [0x0000000702200000, 0x0000000800000000)
  region size 2048K, 13 young (26624K), 2 survivors (4096K)
 Metaspace       used 10174K, committed 10304K, reserved 1114112K
  class space    used 1157K, committed 1216K, reserved 1048576K
}
Event: 1.809 GC heap after
{Heap after GC invocations=7 (full 0):
 garbage-first heap   total reserved 4159488K, committed 450560K, used 53071K [0x0000000702200000, 0x0000000800000000)
  region size 2048K, 2 young (4096K), 2 survivors (4096K)
 Metaspace       used 10174K, committed 10304K, reserved 1114112K
  class space    used 1157K, committed 1216K, reserved 1048576K
}
Event: 2.172 GC heap before
{Heap before GC invocations=7 (full 0):
 garbage-first heap   total reserved 4159488K, committed 450560K, used 122703K [0x0000000702200000, 0x0000000800000000)
  region size 2048K, 37 young (75776K), 2 survivors (4096K)
 Metaspace       used 10624K, committed 10752K, reserved 1114112K
  class space    used 1219K, committed 1280K, reserved 1048576K
}
Event: 2.192 GC heap after
{Heap after GC invocations=8 (full 0):
 garbage-first heap   total reserved 4159488K, committed 450560K, used 64647K [0x0000000702200000, 0x0000000800000000)
  region size 2048K, 5 young (10240K), 5 survivors (10240K)
 Metaspace       used 10624K, committed 10752K, reserved 1114112K
  class space    used 1219K, committed 1280K, reserved 1048576K
}
Event: 4.372 GC heap before
{Heap before GC invocations=8 (full 0):
 garbage-first heap   total reserved 4159488K, committed 450560K, used 160903K [0x0000000702200000, 0x0000000800000000)
  region size 2048K, 52 young (106496K), 5 survivors (10240K)
 Metaspace       used 16116K, committed 16320K, reserved 1114112K
  class space    used 1824K, committed 1920K, reserved 1048576K
}
Event: 4.446 GC heap after
{Heap after GC invocations=9 (full 0):
 garbage-first heap   total reserved 4159488K, committed 450560K, used 89621K [0x0000000702200000, 0x0000000800000000)
  region size 2048K, 7 young (14336K), 7 survivors (14336K)
 Metaspace       used 16116K, committed 16320K, reserved 1114112K
  class space    used 1824K, committed 1920K, reserved 1048576K
}
Event: 7.012 GC heap before
{Heap before GC invocations=9 (full 0):
 garbage-first heap   total reserved 4159488K, committed 450560K, used 245269K [0x0000000702200000, 0x0000000800000000)
  region size 2048K, 83 young (169984K), 7 survivors (14336K)
 Metaspace       used 16524K, committed 16704K, reserved 1114112K
  class space    used 1869K, committed 1920K, reserved 1048576K
}

